#
# There is insufficient memory for the Java Runtime Environment to continue.
# Native memory allocation (malloc) failed to allocate 32744 bytes for ChunkPool::allocate
# Possible reasons:
#   The system is out of physical RAM or swap space
#   The process is running with CompressedOops enabled, and the Java Heap may be blocking the growth of the native heap
# Possible solutions:
#   Reduce memory load on the system
#   Increase physical memory or swap space
#   Check if swap backing store is full
#   Decrease Java heap size (-Xmx/-Xms)
#   Decrease number of Java threads
#   Decrease Java thread stack sizes (-Xss)
#   Set larger code cache with -XX:ReservedCodeCacheSize=
#   JVM is running with Zero Based Compressed Oops mode in which the Java heap is
#     placed in the first 32GB address space. The Java Heap base address is the
#     maximum limit for the native heap growth. Please use -XX:HeapBaseMinAddress
#     to set the Java Heap base and to place the Java Heap above 32GB virtual address.
# This output file may be truncated or incomplete.
#
#  Out of Memory Error (arena.cpp:79), pid=27968, tid=16900
#
# JRE version: OpenJDK Runtime Environment JBR-17.0.9+7-1087.7-nomod (17.0.9+7) (build 17.0.9+7-b1087.7)
# Java VM: OpenJDK 64-Bit Server VM JBR-17.0.9+7-1087.7-nomod (17.0.9+7-b1087.7, mixed mode, emulated-client, tiered, compressed oops, compressed class ptrs, g1 gc, windows-amd64)
# No core dump will be written. Minidumps are not enabled by default on client versions of Windows
#

---------------  S U M M A R Y ------------

Command Line: -XX:TieredStopAtLevel=1 -Dspring.output.ansi.enabled=always -Dcom.sun.management.jmxremote -Dspring.jmx.enabled=true -Dspring.liveBeansView.mbeanDomain -Dspring.application.admin.enabled=true -Dmanagement.endpoints.jmx.exposure.include=* -javaagent:D:\Program Files\JetBrains\IntelliJ IDEA 2023.2\lib\idea_rt.jar=4907:D:\Program Files\JetBrains\IntelliJ IDEA 2023.2\bin -Dfile.encoding=UTF-8 com.cg.RecruitmentApplication

Host: AMD Ryzen 7 5800H with Radeon Graphics         , 16 cores, 15G,  Windows 10 , 64 bit Build 19041 (10.0.19041.4957)
Time: Sun Oct 13 22:39:59 2024  Windows 10 , 64 bit Build 19041 (10.0.19041.4957) elapsed time: 0.501341 seconds (0d 0h 0m 0s)

---------------  T H R E A D  ---------------

Current thread (0x00000227cbc0c010):  JavaThread "C1 CompilerThread1" daemon [_thread_in_native, id=16900, stack(0x00000048fd800000,0x00000048fd900000)]


Current CompileTask:
C1:    501  986       1       java.lang.invoke.LambdaForm$Name::replaceNames (175 bytes)

Stack: [0x00000048fd800000,0x00000048fd900000]
Native frames: (J=compiled Java code, j=interpreted, Vv=VM code, C=native code)
V  [jvm.dll+0x6886e9]


---------------  P R O C E S S  ---------------

Threads class SMR info:
_java_thread_list=0x00000227cba35ad0, length=15, elements={
0x00000227b6341530, 0x00000227cba0af20, 0x00000227cba0c7c0, 0x00000227cba63530,
0x00000227cba63f00, 0x00000227cba65060, 0x00000227cba900c0, 0x00000227cba92950,
0x00000227cba9ea70, 0x00000227cb63f010, 0x00000227cbc0c010, 0x00000227cbb87bb0,
0x00000227d02fcee0, 0x00000227d02fd3c0, 0x00000227d048d780
}

Java Threads: ( => current thread )
  0x00000227b6341530 JavaThread "main" [_thread_in_vm, id=12624, stack(0x00000048fc800000,0x00000048fc900000)]
  0x00000227cba0af20 JavaThread "Reference Handler" daemon [_thread_blocked, id=15264, stack(0x00000048fcf00000,0x00000048fd000000)]
  0x00000227cba0c7c0 JavaThread "Finalizer" daemon [_thread_blocked, id=7852, stack(0x00000048fd000000,0x00000048fd100000)]
  0x00000227cba63530 JavaThread "Signal Dispatcher" daemon [_thread_blocked, id=12456, stack(0x00000048fd100000,0x00000048fd200000)]
  0x00000227cba63f00 JavaThread "Attach Listener" daemon [_thread_blocked, id=11812, stack(0x00000048fd200000,0x00000048fd300000)]
  0x00000227cba65060 JavaThread "Service Thread" daemon [_thread_blocked, id=12336, stack(0x00000048fd300000,0x00000048fd400000)]
  0x00000227cba900c0 JavaThread "Monitor Deflation Thread" daemon [_thread_blocked, id=12408, stack(0x00000048fd400000,0x00000048fd500000)]
  0x00000227cba92950 JavaThread "C1 CompilerThread0" daemon [_thread_blocked, id=24860, stack(0x00000048fd500000,0x00000048fd600000)]
  0x00000227cba9ea70 JavaThread "Sweeper thread" daemon [_thread_blocked, id=17088, stack(0x00000048fd600000,0x00000048fd700000)]
  0x00000227cb63f010 JavaThread "Common-Cleaner" daemon [_thread_blocked, id=15936, stack(0x00000048fd700000,0x00000048fd800000)]
=>0x00000227cbc0c010 JavaThread "C1 CompilerThread1" daemon [_thread_in_native, id=16900, stack(0x00000048fd800000,0x00000048fd900000)]
  0x00000227cbb87bb0 JavaThread "C1 CompilerThread2" daemon [_thread_blocked, id=15596, stack(0x00000048fd900000,0x00000048fda00000)]
  0x00000227d02fcee0 JavaThread "Monitor Ctrl-Break" daemon [_thread_in_native, id=15112, stack(0x00000048fda00000,0x00000048fdb00000)]
  0x00000227d02fd3c0 JavaThread "Notification Thread" daemon [_thread_blocked, id=14208, stack(0x00000048fdb00000,0x00000048fdc00000)]
  0x00000227d048d780 JavaThread "RMI TCP Accept-0" daemon [_thread_in_native, id=26988, stack(0x00000048fdc00000,0x00000048fdd00000)]

Other Threads:
  0x00000227cba05b40 VMThread "VM Thread" [stack: 0x00000048fce00000,0x00000048fcf00000] [id=28184]
  0x00000227b63424f0 WatcherThread [stack: 0x00000048fdd00000,0x00000048fde00000] [id=24552]
  0x00000227b63ac7e0 GCTaskThread "GC Thread#0" [stack: 0x00000048fc900000,0x00000048fca00000] [id=23752]
  0x00000227b63bd4b0 ConcurrentGCThread "G1 Main Marker" [stack: 0x00000048fca00000,0x00000048fcb00000] [id=22052]
  0x00000227b63c0690 ConcurrentGCThread "G1 Conc#0" [stack: 0x00000048fcb00000,0x00000048fcc00000] [id=14380]
  0x00000227cb50c910 ConcurrentGCThread "G1 Refine#0" [stack: 0x00000048fcc00000,0x00000048fcd00000] [id=18380]
  0x00000227cb50d340 ConcurrentGCThread "G1 Service" [stack: 0x00000048fcd00000,0x00000048fce00000] [id=19280]

Threads with active compile tasks:
C1 CompilerThread1      513  986       1       java.lang.invoke.LambdaForm$Name::replaceNames (175 bytes)

VM state: not at safepoint (normal execution)

VM Mutex/Monitor currently owned by a thread:  ([mutex/lock_event])
[0x00000227b633b3f0] Metaspace_lock - owner thread: 0x00000227b6341530

Heap address: 0x0000000702800000, size: 4056 MB, Compressed Oops mode: Zero based, Oop shift amount: 3

CDS archive(s) not mapped
Compressed class space mapped at: 0x0000000800000000-0x0000000840000000, reserved size: 1073741824
Narrow klass base: 0x0000000800000000, Narrow klass shift: 0, Narrow klass range: 0x40000000

GC Precious Log:
 CPUs: 16 total, 16 available
 Memory: 16220M
 Large Page Support: Disabled
 NUMA Support: Disabled
 Compressed Oops: Enabled (Zero based)
 Heap Region Size: 2M
 Heap Min Capacity: 8M
 Heap Initial Capacity: 254M
 Heap Max Capacity: 4056M
 Pre-touch: Disabled
 Parallel Workers: 13
 Concurrent Workers: 3
 Concurrent Refinement Workers: 13
 Periodic GC: Disabled

Heap:
 garbage-first heap   total 260096K, used 14336K [0x0000000702800000, 0x0000000800000000)
  region size 2048K, 8 young (16384K), 0 survivors (0K)
 Metaspace       used 13745K, committed 13888K, reserved 1114112K
  class space    used 1434K, committed 1536K, reserved 1048576K

Heap Regions: E=young(eden), S=young(survivor), O=old, HS=humongous(starts), HC=humongous(continues), CS=collection set, F=free, OA=open archive, CA=closed archive, TAMS=top-at-mark-start (previous, next)
|   0|0x0000000702800000, 0x0000000702800000, 0x0000000702a00000|  0%| F|  |TAMS 0x0000000702800000, 0x0000000702800000| Untracked 
|   1|0x0000000702a00000, 0x0000000702a00000, 0x0000000702c00000|  0%| F|  |TAMS 0x0000000702a00000, 0x0000000702a00000| Untracked 
|   2|0x0000000702c00000, 0x0000000702c00000, 0x0000000702e00000|  0%| F|  |TAMS 0x0000000702c00000, 0x0000000702c00000| Untracked 
|   3|0x0000000702e00000, 0x0000000702e00000, 0x0000000703000000|  0%| F|  |TAMS 0x0000000702e00000, 0x0000000702e00000| Untracked 
|   4|0x0000000703000000, 0x0000000703000000, 0x0000000703200000|  0%| F|  |TAMS 0x0000000703000000, 0x0000000703000000| Untracked 
|   5|0x0000000703200000, 0x0000000703200000, 0x0000000703400000|  0%| F|  |TAMS 0x0000000703200000, 0x0000000703200000| Untracked 
|   6|0x0000000703400000, 0x0000000703400000, 0x0000000703600000|  0%| F|  |TAMS 0x0000000703400000, 0x0000000703400000| Untracked 
|   7|0x0000000703600000, 0x0000000703600000, 0x0000000703800000|  0%| F|  |TAMS 0x0000000703600000, 0x0000000703600000| Untracked 
|   8|0x0000000703800000, 0x0000000703800000, 0x0000000703a00000|  0%| F|  |TAMS 0x0000000703800000, 0x0000000703800000| Untracked 
|   9|0x0000000703a00000, 0x0000000703a00000, 0x0000000703c00000|  0%| F|  |TAMS 0x0000000703a00000, 0x0000000703a00000| Untracked 
|  10|0x0000000703c00000, 0x0000000703c00000, 0x0000000703e00000|  0%| F|  |TAMS 0x0000000703c00000, 0x0000000703c00000| Untracked 
|  11|0x0000000703e00000, 0x0000000703e00000, 0x0000000704000000|  0%| F|  |TAMS 0x0000000703e00000, 0x0000000703e00000| Untracked 
|  12|0x0000000704000000, 0x0000000704000000, 0x0000000704200000|  0%| F|  |TAMS 0x0000000704000000, 0x0000000704000000| Untracked 
|  13|0x0000000704200000, 0x0000000704200000, 0x0000000704400000|  0%| F|  |TAMS 0x0000000704200000, 0x0000000704200000| Untracked 
|  14|0x0000000704400000, 0x0000000704400000, 0x0000000704600000|  0%| F|  |TAMS 0x0000000704400000, 0x0000000704400000| Untracked 
|  15|0x0000000704600000, 0x0000000704600000, 0x0000000704800000|  0%| F|  |TAMS 0x0000000704600000, 0x0000000704600000| Untracked 
|  16|0x0000000704800000, 0x0000000704800000, 0x0000000704a00000|  0%| F|  |TAMS 0x0000000704800000, 0x0000000704800000| Untracked 
|  17|0x0000000704a00000, 0x0000000704a00000, 0x0000000704c00000|  0%| F|  |TAMS 0x0000000704a00000, 0x0000000704a00000| Untracked 
|  18|0x0000000704c00000, 0x0000000704c00000, 0x0000000704e00000|  0%| F|  |TAMS 0x0000000704c00000, 0x0000000704c00000| Untracked 
|  19|0x0000000704e00000, 0x0000000704e00000, 0x0000000705000000|  0%| F|  |TAMS 0x0000000704e00000, 0x0000000704e00000| Untracked 
|  20|0x0000000705000000, 0x0000000705000000, 0x0000000705200000|  0%| F|  |TAMS 0x0000000705000000, 0x0000000705000000| Untracked 
|  21|0x0000000705200000, 0x0000000705200000, 0x0000000705400000|  0%| F|  |TAMS 0x0000000705200000, 0x0000000705200000| Untracked 
|  22|0x0000000705400000, 0x0000000705400000, 0x0000000705600000|  0%| F|  |TAMS 0x0000000705400000, 0x0000000705400000| Untracked 
|  23|0x0000000705600000, 0x0000000705600000, 0x0000000705800000|  0%| F|  |TAMS 0x0000000705600000, 0x0000000705600000| Untracked 
|  24|0x0000000705800000, 0x0000000705800000, 0x0000000705a00000|  0%| F|  |TAMS 0x0000000705800000, 0x0000000705800000| Untracked 
|  25|0x0000000705a00000, 0x0000000705a00000, 0x0000000705c00000|  0%| F|  |TAMS 0x0000000705a00000, 0x0000000705a00000| Untracked 
|  26|0x0000000705c00000, 0x0000000705c00000, 0x0000000705e00000|  0%| F|  |TAMS 0x0000000705c00000, 0x0000000705c00000| Untracked 
|  27|0x0000000705e00000, 0x0000000705e00000, 0x0000000706000000|  0%| F|  |TAMS 0x0000000705e00000, 0x0000000705e00000| Untracked 
|  28|0x0000000706000000, 0x0000000706000000, 0x0000000706200000|  0%| F|  |TAMS 0x0000000706000000, 0x0000000706000000| Untracked 
|  29|0x0000000706200000, 0x0000000706200000, 0x0000000706400000|  0%| F|  |TAMS 0x0000000706200000, 0x0000000706200000| Untracked 
|  30|0x0000000706400000, 0x0000000706400000, 0x0000000706600000|  0%| F|  |TAMS 0x0000000706400000, 0x0000000706400000| Untracked 
|  31|0x0000000706600000, 0x0000000706600000, 0x0000000706800000|  0%| F|  |TAMS 0x0000000706600000, 0x0000000706600000| Untracked 
|  32|0x0000000706800000, 0x0000000706800000, 0x0000000706a00000|  0%| F|  |TAMS 0x0000000706800000, 0x0000000706800000| Untracked 
|  33|0x0000000706a00000, 0x0000000706a00000, 0x0000000706c00000|  0%| F|  |TAMS 0x0000000706a00000, 0x0000000706a00000| Untracked 
|  34|0x0000000706c00000, 0x0000000706c00000, 0x0000000706e00000|  0%| F|  |TAMS 0x0000000706c00000, 0x0000000706c00000| Untracked 
|  35|0x0000000706e00000, 0x0000000706e00000, 0x0000000707000000|  0%| F|  |TAMS 0x0000000706e00000, 0x0000000706e00000| Untracked 
|  36|0x0000000707000000, 0x0000000707000000, 0x0000000707200000|  0%| F|  |TAMS 0x0000000707000000, 0x0000000707000000| Untracked 
|  37|0x0000000707200000, 0x0000000707200000, 0x0000000707400000|  0%| F|  |TAMS 0x0000000707200000, 0x0000000707200000| Untracked 
|  38|0x0000000707400000, 0x0000000707400000, 0x0000000707600000|  0%| F|  |TAMS 0x0000000707400000, 0x0000000707400000| Untracked 
|  39|0x0000000707600000, 0x0000000707600000, 0x0000000707800000|  0%| F|  |TAMS 0x0000000707600000, 0x0000000707600000| Untracked 
|  40|0x0000000707800000, 0x0000000707800000, 0x0000000707a00000|  0%| F|  |TAMS 0x0000000707800000, 0x0000000707800000| Untracked 
|  41|0x0000000707a00000, 0x0000000707a00000, 0x0000000707c00000|  0%| F|  |TAMS 0x0000000707a00000, 0x0000000707a00000| Untracked 
|  42|0x0000000707c00000, 0x0000000707c00000, 0x0000000707e00000|  0%| F|  |TAMS 0x0000000707c00000, 0x0000000707c00000| Untracked 
|  43|0x0000000707e00000, 0x0000000707e00000, 0x0000000708000000|  0%| F|  |TAMS 0x0000000707e00000, 0x0000000707e00000| Untracked 
|  44|0x0000000708000000, 0x0000000708000000, 0x0000000708200000|  0%| F|  |TAMS 0x0000000708000000, 0x0000000708000000| Untracked 
|  45|0x0000000708200000, 0x0000000708200000, 0x0000000708400000|  0%| F|  |TAMS 0x0000000708200000, 0x0000000708200000| Untracked 
|  46|0x0000000708400000, 0x0000000708400000, 0x0000000708600000|  0%| F|  |TAMS 0x0000000708400000, 0x0000000708400000| Untracked 
|  47|0x0000000708600000, 0x0000000708600000, 0x0000000708800000|  0%| F|  |TAMS 0x0000000708600000, 0x0000000708600000| Untracked 
|  48|0x0000000708800000, 0x0000000708800000, 0x0000000708a00000|  0%| F|  |TAMS 0x0000000708800000, 0x0000000708800000| Untracked 
|  49|0x0000000708a00000, 0x0000000708a00000, 0x0000000708c00000|  0%| F|  |TAMS 0x0000000708a00000, 0x0000000708a00000| Untracked 
|  50|0x0000000708c00000, 0x0000000708c00000, 0x0000000708e00000|  0%| F|  |TAMS 0x0000000708c00000, 0x0000000708c00000| Untracked 
|  51|0x0000000708e00000, 0x0000000708e00000, 0x0000000709000000|  0%| F|  |TAMS 0x0000000708e00000, 0x0000000708e00000| Untracked 
|  52|0x0000000709000000, 0x0000000709000000, 0x0000000709200000|  0%| F|  |TAMS 0x0000000709000000, 0x0000000709000000| Untracked 
|  53|0x0000000709200000, 0x0000000709200000, 0x0000000709400000|  0%| F|  |TAMS 0x0000000709200000, 0x0000000709200000| Untracked 
|  54|0x0000000709400000, 0x0000000709400000, 0x0000000709600000|  0%| F|  |TAMS 0x0000000709400000, 0x0000000709400000| Untracked 
|  55|0x0000000709600000, 0x0000000709600000, 0x0000000709800000|  0%| F|  |TAMS 0x0000000709600000, 0x0000000709600000| Untracked 
|  56|0x0000000709800000, 0x0000000709800000, 0x0000000709a00000|  0%| F|  |TAMS 0x0000000709800000, 0x0000000709800000| Untracked 
|  57|0x0000000709a00000, 0x0000000709a00000, 0x0000000709c00000|  0%| F|  |TAMS 0x0000000709a00000, 0x0000000709a00000| Untracked 
|  58|0x0000000709c00000, 0x0000000709c00000, 0x0000000709e00000|  0%| F|  |TAMS 0x0000000709c00000, 0x0000000709c00000| Untracked 
|  59|0x0000000709e00000, 0x0000000709e00000, 0x000000070a000000|  0%| F|  |TAMS 0x0000000709e00000, 0x0000000709e00000| Untracked 
|  60|0x000000070a000000, 0x000000070a000000, 0x000000070a200000|  0%| F|  |TAMS 0x000000070a000000, 0x000000070a000000| Untracked 
|  61|0x000000070a200000, 0x000000070a200000, 0x000000070a400000|  0%| F|  |TAMS 0x000000070a200000, 0x000000070a200000| Untracked 
|  62|0x000000070a400000, 0x000000070a400000, 0x000000070a600000|  0%| F|  |TAMS 0x000000070a400000, 0x000000070a400000| Untracked 
|  63|0x000000070a600000, 0x000000070a600000, 0x000000070a800000|  0%| F|  |TAMS 0x000000070a600000, 0x000000070a600000| Untracked 
|  64|0x000000070a800000, 0x000000070a800000, 0x000000070aa00000|  0%| F|  |TAMS 0x000000070a800000, 0x000000070a800000| Untracked 
|  65|0x000000070aa00000, 0x000000070aa00000, 0x000000070ac00000|  0%| F|  |TAMS 0x000000070aa00000, 0x000000070aa00000| Untracked 
|  66|0x000000070ac00000, 0x000000070ac00000, 0x000000070ae00000|  0%| F|  |TAMS 0x000000070ac00000, 0x000000070ac00000| Untracked 
|  67|0x000000070ae00000, 0x000000070ae00000, 0x000000070b000000|  0%| F|  |TAMS 0x000000070ae00000, 0x000000070ae00000| Untracked 
|  68|0x000000070b000000, 0x000000070b000000, 0x000000070b200000|  0%| F|  |TAMS 0x000000070b000000, 0x000000070b000000| Untracked 
|  69|0x000000070b200000, 0x000000070b200000, 0x000000070b400000|  0%| F|  |TAMS 0x000000070b200000, 0x000000070b200000| Untracked 
|  70|0x000000070b400000, 0x000000070b400000, 0x000000070b600000|  0%| F|  |TAMS 0x000000070b400000, 0x000000070b400000| Untracked 
|  71|0x000000070b600000, 0x000000070b600000, 0x000000070b800000|  0%| F|  |TAMS 0x000000070b600000, 0x000000070b600000| Untracked 
|  72|0x000000070b800000, 0x000000070b800000, 0x000000070ba00000|  0%| F|  |TAMS 0x000000070b800000, 0x000000070b800000| Untracked 
|  73|0x000000070ba00000, 0x000000070ba00000, 0x000000070bc00000|  0%| F|  |TAMS 0x000000070ba00000, 0x000000070ba00000| Untracked 
|  74|0x000000070bc00000, 0x000000070bc00000, 0x000000070be00000|  0%| F|  |TAMS 0x000000070bc00000, 0x000000070bc00000| Untracked 
|  75|0x000000070be00000, 0x000000070be00000, 0x000000070c000000|  0%| F|  |TAMS 0x000000070be00000, 0x000000070be00000| Untracked 
|  76|0x000000070c000000, 0x000000070c000000, 0x000000070c200000|  0%| F|  |TAMS 0x000000070c000000, 0x000000070c000000| Untracked 
|  77|0x000000070c200000, 0x000000070c200000, 0x000000070c400000|  0%| F|  |TAMS 0x000000070c200000, 0x000000070c200000| Untracked 
|  78|0x000000070c400000, 0x000000070c400000, 0x000000070c600000|  0%| F|  |TAMS 0x000000070c400000, 0x000000070c400000| Untracked 
|  79|0x000000070c600000, 0x000000070c600000, 0x000000070c800000|  0%| F|  |TAMS 0x000000070c600000, 0x000000070c600000| Untracked 
|  80|0x000000070c800000, 0x000000070c800000, 0x000000070ca00000|  0%| F|  |TAMS 0x000000070c800000, 0x000000070c800000| Untracked 
|  81|0x000000070ca00000, 0x000000070ca00000, 0x000000070cc00000|  0%| F|  |TAMS 0x000000070ca00000, 0x000000070ca00000| Untracked 
|  82|0x000000070cc00000, 0x000000070cc00000, 0x000000070ce00000|  0%| F|  |TAMS 0x000000070cc00000, 0x000000070cc00000| Untracked 
|  83|0x000000070ce00000, 0x000000070ce00000, 0x000000070d000000|  0%| F|  |TAMS 0x000000070ce00000, 0x000000070ce00000| Untracked 
|  84|0x000000070d000000, 0x000000070d000000, 0x000000070d200000|  0%| F|  |TAMS 0x000000070d000000, 0x000000070d000000| Untracked 
|  85|0x000000070d200000, 0x000000070d200000, 0x000000070d400000|  0%| F|  |TAMS 0x000000070d200000, 0x000000070d200000| Untracked 
|  86|0x000000070d400000, 0x000000070d400000, 0x000000070d600000|  0%| F|  |TAMS 0x000000070d400000, 0x000000070d400000| Untracked 
|  87|0x000000070d600000, 0x000000070d600000, 0x000000070d800000|  0%| F|  |TAMS 0x000000070d600000, 0x000000070d600000| Untracked 
|  88|0x000000070d800000, 0x000000070d800000, 0x000000070da00000|  0%| F|  |TAMS 0x000000070d800000, 0x000000070d800000| Untracked 
|  89|0x000000070da00000, 0x000000070da00000, 0x000000070dc00000|  0%| F|  |TAMS 0x000000070da00000, 0x000000070da00000| Untracked 
|  90|0x000000070dc00000, 0x000000070dc00000, 0x000000070de00000|  0%| F|  |TAMS 0x000000070dc00000, 0x000000070dc00000| Untracked 
|  91|0x000000070de00000, 0x000000070de00000, 0x000000070e000000|  0%| F|  |TAMS 0x000000070de00000, 0x000000070de00000| Untracked 
|  92|0x000000070e000000, 0x000000070e000000, 0x000000070e200000|  0%| F|  |TAMS 0x000000070e000000, 0x000000070e000000| Untracked 
|  93|0x000000070e200000, 0x000000070e200000, 0x000000070e400000|  0%| F|  |TAMS 0x000000070e200000, 0x000000070e200000| Untracked 
|  94|0x000000070e400000, 0x000000070e400000, 0x000000070e600000|  0%| F|  |TAMS 0x000000070e400000, 0x000000070e400000| Untracked 
|  95|0x000000070e600000, 0x000000070e600000, 0x000000070e800000|  0%| F|  |TAMS 0x000000070e600000, 0x000000070e600000| Untracked 
|  96|0x000000070e800000, 0x000000070e800000, 0x000000070ea00000|  0%| F|  |TAMS 0x000000070e800000, 0x000000070e800000| Untracked 
|  97|0x000000070ea00000, 0x000000070ea00000, 0x000000070ec00000|  0%| F|  |TAMS 0x000000070ea00000, 0x000000070ea00000| Untracked 
|  98|0x000000070ec00000, 0x000000070ec00000, 0x000000070ee00000|  0%| F|  |TAMS 0x000000070ec00000, 0x000000070ec00000| Untracked 
|  99|0x000000070ee00000, 0x000000070ee00000, 0x000000070f000000|  0%| F|  |TAMS 0x000000070ee00000, 0x000000070ee00000| Untracked 
| 100|0x000000070f000000, 0x000000070f000000, 0x000000070f200000|  0%| F|  |TAMS 0x000000070f000000, 0x000000070f000000| Untracked 
| 101|0x000000070f200000, 0x000000070f200000, 0x000000070f400000|  0%| F|  |TAMS 0x000000070f200000, 0x000000070f200000| Untracked 
| 102|0x000000070f400000, 0x000000070f400000, 0x000000070f600000|  0%| F|  |TAMS 0x000000070f400000, 0x000000070f400000| Untracked 
| 103|0x000000070f600000, 0x000000070f600000, 0x000000070f800000|  0%| F|  |TAMS 0x000000070f600000, 0x000000070f600000| Untracked 
| 104|0x000000070f800000, 0x000000070f800000, 0x000000070fa00000|  0%| F|  |TAMS 0x000000070f800000, 0x000000070f800000| Untracked 
| 105|0x000000070fa00000, 0x000000070fa00000, 0x000000070fc00000|  0%| F|  |TAMS 0x000000070fa00000, 0x000000070fa00000| Untracked 
| 106|0x000000070fc00000, 0x000000070fc00000, 0x000000070fe00000|  0%| F|  |TAMS 0x000000070fc00000, 0x000000070fc00000| Untracked 
| 107|0x000000070fe00000, 0x000000070fe00000, 0x0000000710000000|  0%| F|  |TAMS 0x000000070fe00000, 0x000000070fe00000| Untracked 
| 108|0x0000000710000000, 0x0000000710000000, 0x0000000710200000|  0%| F|  |TAMS 0x0000000710000000, 0x0000000710000000| Untracked 
| 109|0x0000000710200000, 0x0000000710200000, 0x0000000710400000|  0%| F|  |TAMS 0x0000000710200000, 0x0000000710200000| Untracked 
| 110|0x0000000710400000, 0x0000000710400000, 0x0000000710600000|  0%| F|  |TAMS 0x0000000710400000, 0x0000000710400000| Untracked 
| 111|0x0000000710600000, 0x0000000710600000, 0x0000000710800000|  0%| F|  |TAMS 0x0000000710600000, 0x0000000710600000| Untracked 
| 112|0x0000000710800000, 0x0000000710800000, 0x0000000710a00000|  0%| F|  |TAMS 0x0000000710800000, 0x0000000710800000| Untracked 
| 113|0x0000000710a00000, 0x0000000710a00000, 0x0000000710c00000|  0%| F|  |TAMS 0x0000000710a00000, 0x0000000710a00000| Untracked 
| 114|0x0000000710c00000, 0x0000000710c00000, 0x0000000710e00000|  0%| F|  |TAMS 0x0000000710c00000, 0x0000000710c00000| Untracked 
| 115|0x0000000710e00000, 0x0000000710e00000, 0x0000000711000000|  0%| F|  |TAMS 0x0000000710e00000, 0x0000000710e00000| Untracked 
| 116|0x0000000711000000, 0x0000000711000000, 0x0000000711200000|  0%| F|  |TAMS 0x0000000711000000, 0x0000000711000000| Untracked 
| 117|0x0000000711200000, 0x0000000711200000, 0x0000000711400000|  0%| F|  |TAMS 0x0000000711200000, 0x0000000711200000| Untracked 
| 118|0x0000000711400000, 0x0000000711400000, 0x0000000711600000|  0%| F|  |TAMS 0x0000000711400000, 0x0000000711400000| Untracked 
| 119|0x0000000711600000, 0x00000007116e1f20, 0x0000000711800000| 44%| E|  |TAMS 0x0000000711600000, 0x0000000711600000| Complete 
| 120|0x0000000711800000, 0x0000000711a00000, 0x0000000711a00000|100%| E|CS|TAMS 0x0000000711800000, 0x0000000711800000| Complete 
| 121|0x0000000711a00000, 0x0000000711c00000, 0x0000000711c00000|100%| E|CS|TAMS 0x0000000711a00000, 0x0000000711a00000| Complete 
| 122|0x0000000711c00000, 0x0000000711e00000, 0x0000000711e00000|100%| E|CS|TAMS 0x0000000711c00000, 0x0000000711c00000| Complete 
| 123|0x0000000711e00000, 0x0000000712000000, 0x0000000712000000|100%| E|CS|TAMS 0x0000000711e00000, 0x0000000711e00000| Complete 
| 124|0x0000000712000000, 0x0000000712200000, 0x0000000712200000|100%| E|CS|TAMS 0x0000000712000000, 0x0000000712000000| Complete 
| 125|0x0000000712200000, 0x0000000712400000, 0x0000000712400000|100%| E|CS|TAMS 0x0000000712200000, 0x0000000712200000| Complete 
| 126|0x0000000712400000, 0x0000000712600000, 0x0000000712600000|100%| E|CS|TAMS 0x0000000712400000, 0x0000000712400000| Complete 

Card table byte_map: [0x00000227bf930000,0x00000227c0120000] _byte_map_base: 0x00000227bc11c000

Marking Bits (Prev, Next): (CMBitMap*) 0x00000227b63ace00, (CMBitMap*) 0x00000227b63ace40
 Prev Bits: [0x00000227c0910000, 0x00000227c4870000)
 Next Bits: [0x00000227c4870000, 0x00000227c87d0000)

Polling page: 0x00000227b63f0000

Metaspace:

Usage:
  Non-class:     12.02 MB used.
      Class:      1.40 MB used.
       Both:     13.42 MB used.

Virtual space:
  Non-class space:       64.00 MB reserved,      12.06 MB ( 19%) committed,  1 nodes.
      Class space:        1.00 GB reserved,       1.50 MB ( <1%) committed,  1 nodes.
             Both:        1.06 GB reserved,      13.56 MB (  1%) committed. 

Chunk freelists:
   Non-Class:  3.00 MB
       Class:  14.52 MB
        Both:  17.52 MB

MaxMetaspaceSize: unlimited
CompressedClassSpaceSize: 1.00 GB
Initial GC threshold: 21.00 MB
Current GC threshold: 21.00 MB
CDS: off
MetaspaceReclaimPolicy: balanced
 - commit_granule_bytes: 65536.
 - commit_granule_words: 8192.
 - virtual_space_node_default_size: 8388608.
 - enlarge_chunks_in_place: 1.
 - new_chunks_are_fully_committed: 0.
 - uncommit_free_chunks: 1.
 - use_allocation_guard: 0.
 - handle_deallocations: 1.


Internal statistics:

num_allocs_failed_limit: 0.
num_arena_births: 104.
num_arena_deaths: 0.
num_vsnodes_births: 2.
num_vsnodes_deaths: 0.
num_space_committed: 217.
num_space_uncommitted: 0.
num_chunks_returned_to_freelist: 0.
num_chunks_taken_from_freelist: 190.
num_chunk_merges: 0.
num_chunk_splits: 114.
num_chunks_enlarged: 70.
num_inconsistent_stats: 0.

CodeCache: size=49152Kb used=3726Kb max_used=3726Kb free=45425Kb
 bounds [0x00000227bb300000, 0x00000227bb6b0000, 0x00000227be300000]
 total_blobs=1481 nmethods=1038 adapters=369
 compilation: enabled
              stopped_count=0, restarted_count=0
 full_count=0

Compilation events (20 events):
Event: 0.493 Thread 0x00000227cba92950 nmethod 969 0x00000227bb680a10 code [0x00000227bb680ba0, 0x00000227bb680c58]
Event: 0.493 Thread 0x00000227cba92950  970       1       java.lang.Float::isNaN (12 bytes)
Event: 0.493 Thread 0x00000227cba92950 nmethod 970 0x00000227bb680d10 code [0x00000227bb680ea0, 0x00000227bb680f78]
Event: 0.494 Thread 0x00000227cba92950  971       1       jdk.internal.loader.URLClassPath::getResource (74 bytes)
Event: 0.494 Thread 0x00000227cba92950 nmethod 971 0x00000227bb681010 code [0x00000227bb6811c0, 0x00000227bb681358]
Event: 0.495 Thread 0x00000227cba92950  972       1       java.lang.invoke.InvokerBytecodeGenerator::getInternalName (103 bytes)
Event: 0.495 Thread 0x00000227cba92950 nmethod 972 0x00000227bb681d10 code [0x00000227bb681f00, 0x00000227bb682258]
Event: 0.496 Thread 0x00000227cba92950  978       1       jdk.internal.org.objectweb.asm.SymbolTable::addTypeInternal (85 bytes)
Event: 0.496 Thread 0x00000227cbc0c010  979   !   1       java.lang.invoke.MemberName::getFieldType (176 bytes)
Event: 0.496 Thread 0x00000227cba92950 nmethod 978 0x00000227bb683290 code [0x00000227bb683460, 0x00000227bb683938]
Event: 0.496 Thread 0x00000227cba92950  980       1       jdk.internal.org.objectweb.asm.Type::getReturnTypeOffset (64 bytes)
Event: 0.497 Thread 0x00000227cbc0c010 nmethod 979 0x00000227bb684410 code [0x00000227bb684660, 0x00000227bb684ed8]
Event: 0.497 Thread 0x00000227cbc0c010  986       1       java.lang.invoke.LambdaForm$Name::replaceNames (175 bytes)
Event: 0.497 Thread 0x00000227cba92950 nmethod 980 0x00000227bb685390 code [0x00000227bb6855a0, 0x00000227bb685b98]
Event: 0.497 Thread 0x00000227cba92950  984       1       java.lang.invoke.LambdaFormBuffer::ownedCount (7 bytes)
Event: 0.497 Thread 0x00000227cba92950 nmethod 984 0x00000227bb686090 code [0x00000227bb686220, 0x00000227bb6862f8]
Event: 0.497 Thread 0x00000227cba92950  985       1       java.util.Arrays::copyOf (10 bytes)
Event: 0.497 Thread 0x00000227cba92950 nmethod 985 0x00000227bb686690 code [0x00000227bb686820, 0x00000227bb686908]
Event: 0.497 Thread 0x00000227cba92950  987       1       jdk.internal.org.objectweb.asm.Type::<init> (26 bytes)
Event: 0.498 Thread 0x00000227cba92950 nmethod 987 0x00000227bb68da90 code [0x00000227bb68dc20, 0x00000227bb68dd38]

GC Heap History (0 events):
No events

Dll operation events (3 events):
Event: 0.005 Loaded shared library C:\Users\89394\.jdks\jbrsdk-17.0.9\bin\java.dll
Event: 0.025 Loaded shared library C:\Users\89394\.jdks\jbrsdk-17.0.9\bin\jsvml.dll
Event: 0.142 Loaded shared library C:\Users\89394\.jdks\jbrsdk-17.0.9\bin\zip.dll

Deoptimization events (0 events):
No events

Classes unloaded (0 events):
No events

Classes redefined (0 events):
No events

Internal exceptions (12 events):
Event: 0.227 Thread 0x00000227d02fcee0 Exception <a 'java/lang/NoSuchMethodError'{0x0000000711fb1be8}: 'java.lang.Object java.lang.invoke.DirectMethodHandle$Holder.invokeStaticInit(java.lang.Object)'> (0x0000000711fb1be8) 
thrown [s\src\hotspot\share\interpreter\linkResolver.cpp, line 771]
Event: 0.234 Thread 0x00000227d02fcee0 Exception <a 'java/lang/NoSuchMethodError'{0x0000000711fbf400}: 'void java.lang.invoke.DirectMethodHandle$Holder.invokeStatic(java.lang.Object, java.lang.Object)'> (0x0000000711fbf400) 
thrown [s\src\hotspot\share\interpreter\linkResolver.cpp, line 771]
Event: 0.258 Thread 0x00000227b6341530 Exception <a 'java/lang/NoSuchMethodError'{0x0000000711fab9a0}: 'int java.lang.invoke.DirectMethodHandle$Holder.invokeInterface(java.lang.Object, java.lang.Object)'> (0x0000000711fab9a0) 
thrown [s\src\hotspot\share\interpreter\linkResolver.cpp, line 771]
Event: 0.259 Thread 0x00000227b6341530 Exception <a 'java/lang/IncompatibleClassChangeError'{0x0000000711c01b60}: Found class java.lang.Object, but interface was expected> (0x0000000711c01b60) 
thrown [s\src\hotspot\share\interpreter\linkResolver.cpp, line 838]
Event: 0.298 Thread 0x00000227b6341530 Exception <a 'java/lang/NoSuchMethodError'{0x0000000711ccea08}: 'int java.lang.invoke.DirectMethodHandle$Holder.invokeSpecial(java.lang.Object, java.lang.Object, java.lang.Object)'> (0x0000000711ccea08) 
thrown [s\src\hotspot\share\interpreter\linkResolver.cpp, line 771]
Event: 0.340 Thread 0x00000227b6341530 Exception <a 'java/lang/NoSuchMethodError'{0x0000000711dd49b8}: 'void java.lang.invoke.DirectMethodHandle$Holder.invokeStatic(java.lang.Object, java.lang.Object, java.lang.Object)'> (0x0000000711dd49b8) 
thrown [s\src\hotspot\share\interpreter\linkResolver.cpp, line 771]
Event: 0.351 Thread 0x00000227b6341530 Exception <a 'java/lang/NoSuchMethodError'{0x0000000711a17ab8}: 'int java.lang.invoke.DirectMethodHandle$Holder.invokeSpecialIFC(java.lang.Object, java.lang.Object, java.lang.Object)'> (0x0000000711a17ab8) 
thrown [s\src\hotspot\share\interpreter\linkResolver.cpp, line 771]
Event: 0.373 Thread 0x00000227b6341530 Exception <a 'java/lang/NoSuchMethodError'{0x0000000711a8e5a8}: 'java.lang.Object java.lang.invoke.DirectMethodHandle$Holder.invokeStaticInit(java.lang.Object, int, int, int, int)'> (0x0000000711a8e5a8) 
thrown [s\src\hotspot\share\interpreter\linkResolver.cpp, line 771]
Event: 0.417 Thread 0x00000227b6341530 Exception <a 'java/lang/NoSuchMethodError'{0x0000000711aea2e8}: 'java.lang.Object java.lang.invoke.DirectMethodHandle$Holder.invokeStaticInit(java.lang.Object, java.lang.Object, int, int, int, int)'> (0x0000000711aea2e8) 
thrown [s\src\hotspot\share\interpreter\linkResolver.cpp, line 771]
Event: 0.430 Thread 0x00000227b6341530 Exception <a 'java/lang/ClassNotFoundException'{0x0000000711b08710}: javax/management/remote/rmi/RMIServerImpl_Skel> (0x0000000711b08710) 
thrown [s\src\hotspot\share\classfile\systemDictionary.cpp, line 256]
Event: 0.487 Thread 0x00000227b6341530 Exception <a 'java/lang/ClassNotFoundException'{0x0000000711996ca0}: javax/smartcardio/CardPermission> (0x0000000711996ca0) 
thrown [s\src\hotspot\share\classfile\systemDictionary.cpp, line 256]
Event: 0.489 Thread 0x00000227b6341530 Exception <a 'java/io/FileNotFoundException'{0x00000007119a4f48}> (0x00000007119a4f48) 
thrown [s\src\hotspot\share\prims\jni.cpp, line 517]

VM Operations (12 events):
Event: 0.134 Executing VM operation: HandshakeAllThreads
Event: 0.134 Executing VM operation: HandshakeAllThreads done
Event: 0.224 Executing VM operation: HandshakeAllThreads
Event: 0.225 Executing VM operation: HandshakeAllThreads done
Event: 0.262 Executing VM operation: HandshakeAllThreads
Event: 0.262 Executing VM operation: HandshakeAllThreads done
Event: 0.364 Executing VM operation: HandshakeAllThreads
Event: 0.365 Executing VM operation: HandshakeAllThreads done
Event: 0.467 Executing VM operation: HandshakeAllThreads
Event: 0.467 Executing VM operation: HandshakeAllThreads done
Event: 0.470 Executing VM operation: HandshakeAllThreads
Event: 0.470 Executing VM operation: HandshakeAllThreads done

Events (20 events):
Event: 0.489 loading class sun/security/provider/PolicyFile$6
Event: 0.489 loading class sun/security/provider/PolicyFile$6 done
Event: 0.490 loading class sun/security/provider/PolicyFile$8
Event: 0.490 loading class sun/security/provider/PolicyFile$8 done
Event: 0.490 loading class sun/security/provider/PolicyFile$SelfPermission
Event: 0.490 loading class sun/security/provider/PolicyFile$SelfPermission done
Event: 0.490 loading class java/util/PropertyPermissionCollection
Event: 0.490 loading class java/util/PropertyPermissionCollection done
Event: 0.490 loading class java/util/PropertyPermissionCollection$1
Event: 0.490 loading class java/util/PropertyPermissionCollection$1 done
Event: 0.490 loading class java/io/FilePermissionCollection
Event: 0.491 loading class java/io/FilePermissionCollection done
Event: 0.491 loading class java/io/FilePermissionCollection$1
Event: 0.491 loading class java/io/FilePermissionCollection$1 done
Event: 0.491 loading class java/security/PermissionsEnumerator
Event: 0.491 loading class java/security/PermissionsEnumerator done
Event: 0.491 loading class java/security/AccessControlException
Event: 0.491 loading class java/security/AccessControlException done
Event: 0.497 loading class java/lang/invoke/BoundMethodHandle$Species_LLLLLLLL
Event: 0.497 loading class java/lang/invoke/BoundMethodHandle$Species_LLLLLLLL done


Dynamic libraries:
0x00007ff671060000 - 0x00007ff67106a000 	C:\Users\89394\.jdks\jbrsdk-17.0.9\bin\java.exe
0x00007ffac4470000 - 0x00007ffac4668000 	C:\WINDOWS\SYSTEM32\ntdll.dll
0x00007ffac4360000 - 0x00007ffac4422000 	C:\WINDOWS\System32\KERNEL32.DLL
0x00007ffac1cd0000 - 0x00007ffac1fce000 	C:\WINDOWS\System32\KERNELBASE.dll
0x00007ffac2060000 - 0x00007ffac2160000 	C:\WINDOWS\System32\ucrtbase.dll
0x00007ffa8d140000 - 0x00007ffa8d157000 	C:\Users\89394\.jdks\jbrsdk-17.0.9\bin\jli.dll
0x00007ffa8b680000 - 0x00007ffa8b69b000 	C:\Users\89394\.jdks\jbrsdk-17.0.9\bin\VCRUNTIME140.dll
0x00007ffac3290000 - 0x00007ffac342d000 	C:\WINDOWS\System32\USER32.dll
0x00007ffac1b10000 - 0x00007ffac1b32000 	C:\WINDOWS\System32\win32u.dll
0x00007ffab2a20000 - 0x00007ffab2cba000 	C:\WINDOWS\WinSxS\amd64_microsoft.windows.common-controls_6595b64144ccf1df_6.0.19041.4355_none_60b8b9eb71f62e16\COMCTL32.dll
0x00007ffac3260000 - 0x00007ffac328b000 	C:\WINDOWS\System32\GDI32.dll
0x00007ffac3100000 - 0x00007ffac319e000 	C:\WINDOWS\System32\msvcrt.dll
0x00007ffac1b40000 - 0x00007ffac1c57000 	C:\WINDOWS\System32\gdi32full.dll
0x00007ffac2160000 - 0x00007ffac21fd000 	C:\WINDOWS\System32\msvcp_win.dll
0x00007ffac4290000 - 0x00007ffac42bf000 	C:\WINDOWS\System32\IMM32.DLL
0x00007ffa91b80000 - 0x00007ffa91b8c000 	C:\Users\89394\.jdks\jbrsdk-17.0.9\bin\vcruntime140_1.dll
0x00007ffa53020000 - 0x00007ffa530ad000 	C:\Users\89394\.jdks\jbrsdk-17.0.9\bin\msvcp140.dll
0x00007ffa1a2c0000 - 0x00007ffa1af43000 	C:\Users\89394\.jdks\jbrsdk-17.0.9\bin\server\jvm.dll
0x00007ffac3040000 - 0x00007ffac30f2000 	C:\WINDOWS\System32\ADVAPI32.dll
0x00007ffac42c0000 - 0x00007ffac4360000 	C:\WINDOWS\System32\sechost.dll
0x00007ffac4060000 - 0x00007ffac4183000 	C:\WINDOWS\System32\RPCRT4.dll
0x00007ffac2410000 - 0x00007ffac2437000 	C:\WINDOWS\System32\bcrypt.dll
0x00007ffa97bf0000 - 0x00007ffa97bf9000 	C:\WINDOWS\SYSTEM32\WSOCK32.dll
0x00007ffac10a0000 - 0x00007ffac10eb000 	C:\WINDOWS\SYSTEM32\POWRPROF.dll
0x00007ffac37b0000 - 0x00007ffac381b000 	C:\WINDOWS\System32\WS2_32.dll
0x00007ffab5900000 - 0x00007ffab5927000 	C:\WINDOWS\SYSTEM32\WINMM.dll
0x00007ffab5b40000 - 0x00007ffab5b4a000 	C:\WINDOWS\SYSTEM32\VERSION.dll
0x00007ffac0f10000 - 0x00007ffac0f22000 	C:\WINDOWS\SYSTEM32\UMPDC.dll
0x00007ffac0360000 - 0x00007ffac0372000 	C:\WINDOWS\SYSTEM32\kernel.appcore.dll
0x00007ffa8d740000 - 0x00007ffa8d74a000 	C:\Users\89394\.jdks\jbrsdk-17.0.9\bin\jimage.dll
0x00007ffabf530000 - 0x00007ffabf714000 	C:\WINDOWS\SYSTEM32\DBGHELP.DLL
0x00007ffaa88b0000 - 0x00007ffaa88e4000 	C:\WINDOWS\SYSTEM32\dbgcore.DLL
0x00007ffac1fd0000 - 0x00007ffac2052000 	C:\WINDOWS\System32\bcryptPrimitives.dll
0x00007ffabc680000 - 0x00007ffabc68e000 	C:\Users\89394\.jdks\jbrsdk-17.0.9\bin\instrument.dll
0x00007ffa8b650000 - 0x00007ffa8b675000 	C:\Users\89394\.jdks\jbrsdk-17.0.9\bin\java.dll
0x00007ffa77fd0000 - 0x00007ffa77fe8000 	C:\Users\89394\.jdks\jbrsdk-17.0.9\bin\zip.dll
0x00007ffa52c80000 - 0x00007ffa52d57000 	C:\Users\89394\.jdks\jbrsdk-17.0.9\bin\jsvml.dll
0x00007ffac3820000 - 0x00007ffac3f8f000 	C:\WINDOWS\System32\SHELL32.dll
0x00007ffabfb70000 - 0x00007ffac0314000 	C:\WINDOWS\SYSTEM32\windows.storage.dll
0x00007ffac3430000 - 0x00007ffac3783000 	C:\WINDOWS\System32\combase.dll
0x00007ffac1540000 - 0x00007ffac156e000 	C:\WINDOWS\SYSTEM32\Wldp.dll
0x00007ffac3f90000 - 0x00007ffac405d000 	C:\WINDOWS\System32\OLEAUT32.dll
0x00007ffac2510000 - 0x00007ffac25bd000 	C:\WINDOWS\System32\SHCORE.dll
0x00007ffac3200000 - 0x00007ffac3255000 	C:\WINDOWS\System32\shlwapi.dll
0x00007ffac1a40000 - 0x00007ffac1a64000 	C:\WINDOWS\SYSTEM32\profapi.dll
0x00007ffa61710000 - 0x00007ffa61729000 	C:\Users\89394\.jdks\jbrsdk-17.0.9\bin\net.dll
0x00007ffabd550000 - 0x00007ffabd65d000 	C:\WINDOWS\SYSTEM32\WINHTTP.dll
0x00007ffac12a0000 - 0x00007ffac130a000 	C:\WINDOWS\system32\mswsock.dll
0x00007ffa616f0000 - 0x00007ffa61706000 	C:\Users\89394\.jdks\jbrsdk-17.0.9\bin\nio.dll
0x00007ffabbda0000 - 0x00007ffabbdba000 	D:\Program Files\JetBrains\IntelliJ IDEA 2023.2\bin\breakgen64.dll
0x00007ffac0f80000 - 0x00007ffac104a000 	C:\WINDOWS\SYSTEM32\DNSAPI.dll
0x00007ffac0f30000 - 0x00007ffac0f6b000 	C:\WINDOWS\SYSTEM32\IPHLPAPI.DLL
0x00007ffac37a0000 - 0x00007ffac37a8000 	C:\WINDOWS\System32\NSI.dll
0x00007ffabba80000 - 0x00007ffabba8a000 	C:\Windows\System32\rasadhlp.dll
0x00007ffabb1d0000 - 0x00007ffabb250000 	C:\WINDOWS\System32\fwpuclnt.dll
0x00007ffabc380000 - 0x00007ffabc389000 	C:\Users\89394\.jdks\jbrsdk-17.0.9\bin\management.dll
0x00007ffabbd90000 - 0x00007ffabbd9b000 	C:\Users\89394\.jdks\jbrsdk-17.0.9\bin\management_ext.dll
0x00007ffac3790000 - 0x00007ffac3798000 	C:\WINDOWS\System32\PSAPI.DLL
0x00007ffac1490000 - 0x00007ffac14a8000 	C:\WINDOWS\SYSTEM32\CRYPTSP.dll
0x00007ffac0b50000 - 0x00007ffac0b84000 	C:\WINDOWS\system32\rsaenh.dll
0x00007ffac19c0000 - 0x00007ffac19ee000 	C:\WINDOWS\SYSTEM32\USERENV.dll
0x00007ffac14b0000 - 0x00007ffac14bc000 	C:\WINDOWS\SYSTEM32\CRYPTBASE.dll
0x00007ffabba40000 - 0x00007ffabba57000 	C:\WINDOWS\SYSTEM32\dhcpcsvc6.DLL
0x00007ffabbea0000 - 0x00007ffabbebd000 	C:\WINDOWS\SYSTEM32\dhcpcsvc.DLL
0x00007ffa90eb0000 - 0x00007ffa90ec7000 	C:\WINDOWS\system32\napinsp.dll
0x00007ffa90930000 - 0x00007ffa9094b000 	C:\WINDOWS\system32\pnrpnsp.dll
0x00007ffabd7a0000 - 0x00007ffabd7b5000 	C:\WINDOWS\system32\wshbth.dll
0x00007ffabd660000 - 0x00007ffabd67d000 	C:\WINDOWS\system32\NLAapi.dll
0x00007ffa90910000 - 0x00007ffa90922000 	C:\WINDOWS\System32\winrnr.dll

dbghelp: loaded successfully - version: 4.0.5 - missing functions: none
symbol engine: initialized successfully - sym options: 0x614 - pdb path: .;C:\Users\89394\.jdks\jbrsdk-17.0.9\bin;C:\WINDOWS\SYSTEM32;C:\WINDOWS\WinSxS\amd64_microsoft.windows.common-controls_6595b64144ccf1df_6.0.19041.4355_none_60b8b9eb71f62e16;C:\Users\89394\.jdks\jbrsdk-17.0.9\bin\server;D:\Program Files\JetBrains\IntelliJ IDEA 2023.2\bin

VM Arguments:
jvm_args: -XX:TieredStopAtLevel=1 -Dspring.output.ansi.enabled=always -Dcom.sun.management.jmxremote -Dspring.jmx.enabled=true -Dspring.liveBeansView.mbeanDomain -Dspring.application.admin.enabled=true -Dmanagement.endpoints.jmx.exposure.include=* -javaagent:D:\Program Files\JetBrains\IntelliJ IDEA 2023.2\lib\idea_rt.jar=4907:D:\Program Files\JetBrains\IntelliJ IDEA 2023.2\bin -Dfile.encoding=UTF-8 
java_command: com.cg.RecruitmentApplication
java_class_path (initial): F:\IDEA_workspasce\recruitment\target\classes;F:\apache-maven-3.9.4\repository\org\springframework\boot\spring-boot-starter-data-redis\3.3.4\spring-boot-starter-data-redis-3.3.4.jar;F:\apache-maven-3.9.4\repository\org\springframework\boot\spring-boot-starter\3.3.4\spring-boot-starter-3.3.4.jar;F:\apache-maven-3.9.4\repository\org\springframework\boot\spring-boot-starter-logging\3.3.4\spring-boot-starter-logging-3.3.4.jar;F:\apache-maven-3.9.4\repository\ch\qos\logback\logback-classic\1.5.8\logback-classic-1.5.8.jar;F:\apache-maven-3.9.4\repository\ch\qos\logback\logback-core\1.5.8\logback-core-1.5.8.jar;F:\apache-maven-3.9.4\repository\org\apache\logging\log4j\log4j-to-slf4j\2.23.1\log4j-to-slf4j-2.23.1.jar;F:\apache-maven-3.9.4\repository\org\apache\logging\log4j\log4j-api\2.23.1\log4j-api-2.23.1.jar;F:\apache-maven-3.9.4\repository\org\slf4j\jul-to-slf4j\2.0.16\jul-to-slf4j-2.0.16.jar;F:\apache-maven-3.9.4\repository\jakarta\annotation\jakarta.annotation-api\2.1.1\jakarta.annotation-api-2.1.1.jar;F:\apache-maven-3.9.4\repository\org\yaml\snakeyaml\2.2\snakeyaml-2.2.jar;F:\apache-maven-3.9.4\repository\io\lettuce\lettuce-core\6.3.2.RELEASE\lettuce-core-6.3.2.RELEASE.jar;F:\apache-maven-3.9.4\repository\io\netty\netty-common\4.1.113.Final\netty-common-4.1.113.Final.jar;F:\apache-maven-3.9.4\repository\io\netty\netty-handler\4.1.113.Final\netty-handler-4.1.113.Final.jar;F:\apache-maven-3.9.4\repository\io\netty\netty-resolver\4.1.113.Final\netty-resolver-4.1.113.Final.jar;F:\apache-maven-3.9.4\repository\io\netty\netty-buffer\4.1.113.Final\netty-buffer-4.1.113.Final.jar;F:\apache-maven-3.9.4\repository\io\netty\netty-transport-native-unix-common\4.1.113.Final\netty-transport-native-unix-common-4.1.113.Final.jar;F:\apache-maven-3.9.4\repository\io\netty\netty-codec\4.1.113.Final\netty-codec-4.1.113.Final.jar;F:\apache-maven-3.9.4\repository\io\netty\netty-transport\4.1.113.Final\netty-transport-4.1.113.Final.jar;F:\apache-maven-3.9.4\repo
Launcher Type: SUN_STANDARD

[Global flags]
     intx CICompilerCount                          = 12                                        {product} {ergonomic}
     uint ConcGCThreads                            = 3                                         {product} {ergonomic}
     uint G1ConcRefinementThreads                  = 13                                        {product} {ergonomic}
   size_t G1HeapRegionSize                         = 2097152                                   {product} {ergonomic}
    uintx GCDrainStackTargetSize                   = 64                                        {product} {ergonomic}
   size_t InitialHeapSize                          = 266338304                                 {product} {ergonomic}
     bool ManagementServer                         = true                                      {product} {command line}
   size_t MarkStackSize                            = 4194304                                   {product} {ergonomic}
   size_t MaxHeapSize                              = 4253024256                                {product} {ergonomic}
   size_t MaxNewSize                               = 2550136832                                {product} {ergonomic}
   size_t MinHeapDeltaBytes                        = 2097152                                   {product} {ergonomic}
   size_t MinHeapSize                              = 8388608                                   {product} {ergonomic}
    uintx NonProfiledCodeHeapSize                  = 0                                      {pd product} {ergonomic}
     bool ProfileInterpreter                       = false                                  {pd product} {command line}
    uintx ProfiledCodeHeapSize                     = 0                                      {pd product} {ergonomic}
   size_t SoftMaxHeapSize                          = 4253024256                             {manageable} {ergonomic}
     intx TieredStopAtLevel                        = 1                                         {product} {command line}
     bool UseCompressedClassPointers               = true                           {product lp64_product} {ergonomic}
     bool UseCompressedOops                        = true                           {product lp64_product} {ergonomic}
     bool UseG1GC                                  = true                                      {product} {ergonomic}
     bool UseLargePagesIndividualAllocation        = false                                  {pd product} {ergonomic}

Logging:
Log output configuration:
 #0: stdout all=warning uptime,level,tags
 #1: stderr all=off uptime,level,tags

Environment Variables:
JAVA_HOME=C:\Program Files\Java\jdk1.8.0_202
CLASSPATH=;C:\Program Files\Java\jdk1.8.0_202\lib
PATH=F:\python\Scripts\;F:\python\;C:\Program Files (x86)\Common Files\Oracle\Java\javapath;C:\Program Files (x86)\AMD APP\bin\x86_64;C:\Program Files (x86)\AMD APP\bin\x86;C:\ProgramData\Oracle\Java\javapath;C:\WINDOWS\system32;C:\WINDOWS;C:\WINDOWS\System32\Wbem;C:\WINDOWS\System32\WindowsPowerShell\v1.0\;C:\WINDOWS\System32\OpenSSH\;D:\MySQL\MySQL Server 5.7\bin;C:\Program Files (x86)\ATI Technologies\ATI.ACE\Core-Static;C:\Program Files (x86)\NVIDIA Corporation\PhysX\Common;C:\Program Files\dotnet\;C:\Program Files\Java\jdk-17.0.4.1\bin;C:\Program Files (x86)\ZeroTier\One\;C:\Program Files\Java\jdk1.8.0_202\bin;C:\Program Files\Java\jdk1.8.0_202\jre\bin;C:\Program Files\Docker\Docker\resources\bin;C:\Program Files\TortoiseGit\bin;E:\Program Files\Erlang OTP\bin;E:\Program Files\Git\cmd;F:\Program Files\nodejs\;C:\Program Files\NVIDIA Corporation\NVIDIA app\NvDLISR;C:\Users\89394\AppData\Local\Microsoft\WindowsApps;C:\Users\89394\.dotnet\tools;D:\Program Files\JetBrains\IntelliJ IDEA 2023.2\bin;;F:\Program Files\JetBrains\PyCharm Community Edition 2023.2.1\bin;;C:\Users\89394\AppData\Local\Programs\Microsoft VS Code\bin;C:\Users\89394\AppData\Local\GitHubDesktop\bin;F:\Program Files (x86)\Microsoft VS Code\bin;C:\Users\89394\AppData\Roaming\npm
USERNAME=MIZUGI
OS=Windows_NT
PROCESSOR_IDENTIFIER=AMD64 Family 25 Model 80 Stepping 0, AuthenticAMD
TMP=C:\Users\89394\AppData\Local\Temp
TEMP=C:\Users\89394\AppData\Local\Temp



Periodic native trim disabled

JNI global refs:
JNI global refs: 26, weak refs: 0

JNI global refs memory usage: 843, weak refs: 209

OOME stack traces (most recent first):
Classloader memory used:
